<?xml version="1.0" encoding="UTF-8"?>
<testng-results ignored="0" total="1" passed="1" failed="0" skipped="0">
  <reporter-output>
  </reporter-output>
  <suite started-at="2023-10-06T16:52:24 IST" name="Default suite" finished-at="2023-10-06T16:52:24 IST" duration-ms="77">
    <groups>
    </groups>
    <test started-at="2023-10-06T16:52:24 IST" name="Default test" finished-at="2023-10-06T16:52:24 IST" duration-ms="77">
      <class name="com.vedanta.Test">
        <test-method signature="heman()[pri:0, instance:com.vedanta.Test@2cdd0d4b]" started-at="2023-10-06T16:52:24 IST" name="heman" finished-at="2023-10-06T16:52:24 IST" duration-ms="12" status="PASS">
          <reporter-output>
          </reporter-output>
        </test-method> <!-- heman -->
      </class> <!-- com.vedanta.Test -->
    </test> <!-- Default test -->
  </suite> <!-- Default suite -->
</testng-results>
